<?xml version="1.0" encoding="UTF-8"?>
<testng-results ignored="0" total="3" passed="2" failed="1" skipped="0">
  <reporter-output>
  </reporter-output>
  <suite started-at="2023-06-06T18:23:21 CEST" name="Default suite" finished-at="2023-06-06T18:25:26 CEST" duration-ms="125630">
    <groups>
      <group name="cucumber">
        <method signature="AbstractTestNGCucumberTests.runScenario(io.cucumber.testng.PickleWrapper,io.cucumber.testng.FeatureWrapper)[pri:0, instance:mainTest@74d1dc36]" name="runScenario" class="io.cucumber.testng.AbstractTestNGCucumberTests"/>
      </group> <!-- cucumber -->
    </groups>
    <test started-at="2023-06-06T18:23:21 CEST" name="Default test" finished-at="2023-06-06T18:25:26 CEST" duration-ms="125630">
      <class name="mainTest">
        <test-method is-config="true" signature="setUpClass(org.testng.ITestContext)[pri:0, instance:mainTest@74d1dc36]" started-at="2023-06-06T18:23:21 CEST" name="setUpClass" finished-at="2023-06-06T18:23:25 CEST" duration-ms="4173" status="PASS">
          <params>
            <param index="0">
              <value>
                <![CDATA[org.testng.TestRunner@3e28fee1]]>
              </value>
            </param>
          </params>
          <reporter-output>
          </reporter-output>
        </test-method> <!-- setUpClass -->
        <test-method signature="runScenario(io.cucumber.testng.PickleWrapper,io.cucumber.testng.FeatureWrapper)[pri:0, instance:mainTest@74d1dc36]" started-at="2023-06-06T18:23:25 CEST" name="runScenario" description="Runs Cucumber Scenarios" data-provider="scenarios" finished-at="2023-06-06T18:23:40 CEST" duration-ms="14658" status="FAIL">
          <params>
            <param index="0">
              <value>
                <![CDATA["Afegeix Productes"]]>
              </value>
            </param>
            <param index="1">
              <value>
                <![CDATA["addProd"]]>
              </value>
            </param>
          </params>
          <exception class="java.lang.AssertionError">
            <message>
              <![CDATA[expected [true] but found [false]]]>
            </message>
            <full-stacktrace>
              <![CDATA[java.lang.AssertionError: expected [true] but found [false]
at org.testng.Assert.fail(Assert.java:110)
at org.testng.Assert.failNotEquals(Assert.java:1577)
at org.testng.Assert.assertTrue(Assert.java:56)
at org.testng.Assert.assertTrue(Assert.java:66)
at steps.addProdSteps.theUProductAdded(addProdSteps.java:124)
at ✽.the producte is added(file:///C:/Users/alexp/OneDrive/Escritorio/TFG/TFG-Test/TFG-test/src/test/java/features/addProd.feature:39)
]]>
            </full-stacktrace>
          </exception> <!-- java.lang.AssertionError -->
          <reporter-output>
          </reporter-output>
        </test-method> <!-- runScenario -->
        <test-method signature="runScenario(io.cucumber.testng.PickleWrapper,io.cucumber.testng.FeatureWrapper)[pri:0, instance:mainTest@74d1dc36]" started-at="2023-06-06T18:23:40 CEST" name="runScenario" description="Runs Cucumber Scenarios" data-provider="scenarios" finished-at="2023-06-06T18:23:45 CEST" duration-ms="5261" status="PASS">
          <params>
            <param index="0">
              <value>
                <![CDATA["Inicia sessió"]]>
              </value>
            </param>
            <param index="1">
              <value>
                <![CDATA["Login"]]>
              </value>
            </param>
          </params>
          <reporter-output>
          </reporter-output>
        </test-method> <!-- runScenario -->
        <test-method signature="runScenario(io.cucumber.testng.PickleWrapper,io.cucumber.testng.FeatureWrapper)[pri:0, instance:mainTest@74d1dc36]" started-at="2023-06-06T18:23:45 CEST" name="runScenario" description="Runs Cucumber Scenarios" data-provider="scenarios" finished-at="2023-06-06T18:25:26 CEST" duration-ms="101431" status="PASS">
          <params>
            <param index="0">
              <value>
                <![CDATA["Crear i eliminar un usuari"]]>
              </value>
            </param>
            <param index="1">
              <value>
                <![CDATA["Users"]]>
              </value>
            </param>
          </params>
          <reporter-output>
          </reporter-output>
        </test-method> <!-- runScenario -->
        <test-method is-config="true" signature="tearDownClass()[pri:0, instance:mainTest@74d1dc36]" started-at="2023-06-06T18:25:26 CEST" name="tearDownClass" finished-at="2023-06-06T18:25:26 CEST" duration-ms="4" status="PASS">
          <reporter-output>
          </reporter-output>
        </test-method> <!-- tearDownClass -->
      </class> <!-- mainTest -->
    </test> <!-- Default test -->
  </suite> <!-- Default suite -->
</testng-results>
